#
# There is insufficient memory for the Java Runtime Environment to continue.
# Native memory allocation (malloc) failed to allocate 131088 bytes for Chunk::new
# Possible reasons:
#   The system is out of physical RAM or swap space
#   In 32 bit mode, the process size limit was hit
# Possible solutions:
#   Reduce memory load on the system
#   Increase physical memory or swap space
#   Check if swap backing store is full
#   Use 64 bit Java on a 64 bit OS
#   Decrease Java heap size (-Xmx/-Xms)
#   Decrease number of Java threads
#   Decrease Java thread stack sizes (-Xss)
#   Set larger code cache with -XX:ReservedCodeCacheSize=
# This output file may be truncated or incomplete.
#
#  Out of Memory Error (allocation.cpp:390), pid=15264, tid=0x000000000000325c
#
# JRE version: Java(TM) SE Runtime Environment (8.0_144-b01) (build 1.8.0_144-b01)
# Java VM: Java HotSpot(TM) 64-Bit Server VM (25.144-b01 mixed mode windows-amd64 compressed oops)
# Failed to write core dump. Minidumps are not enabled by default on client versions of Windows
#

---------------  T H R E A D  ---------------

Current thread (0x000000001b62f000):  JavaThread "C2 CompilerThread1" daemon [_thread_in_native, id=12892, stack(0x000000001bbc0000,0x000000001bcc0000)]

Stack: [0x000000001bbc0000,0x000000001bcc0000]
[error occurred during error reporting (printing stack bounds), id 0xc0000005]

Native frames: (J=compiled Java code, j=interpreted, Vv=VM code, C=native code)


Current CompileTask:
C2:  35504 6659   !   4       org.apache.maven.model.Model::clone (502 bytes)


---------------  P R O C E S S  ---------------

Java Threads: ( => current thread )
  0x000000001b63e000 JavaThread "Service Thread" daemon [_thread_blocked, id=14764, stack(0x000000001bdc0000,0x000000001bec0000)]
  0x000000001b636000 JavaThread "C1 CompilerThread2" daemon [_thread_blocked, id=728, stack(0x000000001bcc0000,0x000000001bdc0000)]
=>0x000000001b62f000 JavaThread "C2 CompilerThread1" daemon [_thread_in_native, id=12892, stack(0x000000001bbc0000,0x000000001bcc0000)]
  0x0000000019f6d800 JavaThread "C2 CompilerThread0" daemon [_thread_blocked, id=14632, stack(0x000000001bac0000,0x000000001bbc0000)]
  0x0000000019f6a800 JavaThread "Monitor Ctrl-Break" daemon [_thread_in_native, id=12764, stack(0x000000001b9c0000,0x000000001bac0000)]
  0x0000000019f3e000 JavaThread "Attach Listener" daemon [_thread_blocked, id=12356, stack(0x000000001b4c0000,0x000000001b5c0000)]
  0x0000000019f3c800 JavaThread "Signal Dispatcher" daemon [_thread_blocked, id=13940, stack(0x000000001b3c0000,0x000000001b4c0000)]
  0x0000000019f2a000 JavaThread "Finalizer" daemon [_thread_blocked, id=5440, stack(0x000000001b190000,0x000000001b290000)]
  0x0000000019f08800 JavaThread "Reference Handler" daemon [_thread_blocked, id=3784, stack(0x000000001b090000,0x000000001b190000)]
  0x0000000002d92800 JavaThread "main" [_thread_in_vm, id=14476, stack(0x0000000002960000,0x0000000002a60000)]

Other Threads:
  0x0000000019f07000 VMThread [stack: 0x000000001af90000,0x000000001b090000] [id=12128]
  0x000000001b640000 WatcherThread [stack: 0x000000001bec0000,0x000000001bfc0000] [id=7388]

VM state:not at safepoint (normal execution)

VM Mutex/Monitor currently owned by a thread: None

Heap:
 PSYoungGen      total 166912K, used 103328K [0x0000000780780000, 0x000000078e700000, 0x00000007c0000000)
  eden space 142848K, 72% used [0x0000000780780000,0x0000000786c68388,0x0000000789300000)
  from space 24064K, 0% used [0x0000000789300000,0x0000000789300000,0x000000078aa80000)
  to   space 28672K, 0% used [0x000000078cb00000,0x000000078cb00000,0x000000078e700000)
 ParOldGen       total 102912K, used 41939K [0x0000000701600000, 0x0000000707a80000, 0x0000000780780000)
  object space 102912K, 40% used [0x0000000701600000,0x0000000703ef4f40,0x0000000707a80000)
 Metaspace       used 32141K, capacity 33156K, committed 35672K, reserved 1081344K
  class space    used 3687K, capacity 4023K, committed 4352K, reserved 1048576K

Card table byte_map: [0x0000000012250000,0x0000000012850000] byte_map_base: 0x000000000ea45000

Marking Bits: (ParMarkBitMap*) 0x0000000077f7d850
 Begin Bits: [0x0000000013050000, 0x0000000015ff8000)
 End Bits:   [0x0000000015ff8000, 0x0000000018fa0000)

Polling page: 0x0000000000f20000

CodeCache: size=245760Kb used=22868Kb max_used=23727Kb free=222891Kb
 bounds [0x0000000002e90000, 0x00000000045e0000, 0x0000000011e90000]
 total_blobs=6444 nmethods=5973 adapters=382
 compilation: enabled

Compilation events (10 events):
Event: 35.382 Thread 0x000000001b636000 nmethod 7376 0x00000000040c3010 code [0x00000000040c3160, 0x00000000040c3310]
Event: 35.463 Thread 0x000000001b636000 7377       3       java.util.zip.InflaterInputStream::close (34 bytes)
Event: 35.464 Thread 0x000000001b636000 nmethod 7377 0x00000000041cfed0 code [0x00000000041d0040, 0x00000000041d0338]
Event: 35.467 Thread 0x000000001b636000 7378       3       org.springframework.boot.loader.tools.Library::openStream (12 bytes)
Event: 35.467 Thread 0x000000001b636000 nmethod 7378 0x0000000004021790 code [0x0000000004021900, 0x0000000004021ae8]
Event: 35.489 Thread 0x000000001b636000 7379   !   3       java.util.zip.Deflater::reset (62 bytes)
Event: 35.490 Thread 0x000000001b636000 nmethod 7379 0x0000000004021010 code [0x00000000040211a0, 0x00000000040215d8]
Event: 35.499 Thread 0x000000001b636000 7381       3       jdk.internal.org.objectweb.asm.AnnotationWriter::<init> (34 bytes)
Event: 35.499 Thread 0x000000001b636000 nmethod 7381 0x000000000337afd0 code [0x000000000337b140, 0x000000000337b3c8]
Event: 35.499 Thread 0x000000001b636000 7382       3       jdk.internal.org.objectweb.asm.AnnotationVisitor::<init> (7 bytes)

GC Heap History (10 events):
Event: 18.077 GC heap before
{Heap before GC invocations=9 (full 1):
 PSYoungGen      total 106496K, used 104466K [0x0000000780780000, 0x000000078a600000, 0x00000007c0000000)
  eden space 90112K, 100% used [0x0000000780780000,0x0000000785f80000,0x0000000785f80000)
  from space 16384K, 87% used [0x0000000785f80000,0x0000000786d84918,0x0000000786f80000)
  to   space 17408K, 0% used [0x0000000789500000,0x0000000789500000,0x000000078a600000)
 ParOldGen       total 102912K, used 18168K [0x0000000701600000, 0x0000000707a80000, 0x0000000780780000)
  object space 102912K, 17% used [0x0000000701600000,0x00000007027be2f8,0x0000000707a80000)
 Metaspace       used 26935K, capacity 27626K, committed 27904K, reserved 1073152K
  class space    used 3109K, capacity 3239K, committed 3328K, reserved 1048576K
Event: 18.100 GC heap after
Heap after GC invocations=9 (full 1):
 PSYoungGen      total 139776K, used 15842K [0x0000000780780000, 0x000000078a500000, 0x00000007c0000000)
  eden space 123392K, 0% used [0x0000000780780000,0x0000000780780000,0x0000000788000000)
  from space 16384K, 96% used [0x0000000789500000,0x000000078a478890,0x000000078a500000)
  to   space 18944K, 0% used [0x0000000788000000,0x0000000788000000,0x0000000789280000)
 ParOldGen       total 102912K, used 18176K [0x0000000701600000, 0x0000000707a80000, 0x0000000780780000)
  object space 102912K, 17% used [0x0000000701600000,0x00000007027c02f8,0x0000000707a80000)
 Metaspace       used 26935K, capacity 27626K, committed 27904K, reserved 1073152K
  class space    used 3109K, capacity 3239K, committed 3328K, reserved 1048576K
}
Event: 22.655 GC heap before
{Heap before GC invocations=10 (full 1):
 PSYoungGen      total 139776K, used 139198K [0x0000000780780000, 0x000000078a500000, 0x00000007c0000000)
  eden space 123392K, 99% used [0x0000000780780000,0x0000000787ff7160,0x0000000788000000)
  from space 16384K, 96% used [0x0000000789500000,0x000000078a478890,0x000000078a500000)
  to   space 18944K, 0% used [0x0000000788000000,0x0000000788000000,0x0000000789280000)
 ParOldGen       total 102912K, used 18176K [0x0000000701600000, 0x0000000707a80000, 0x0000000780780000)
  object space 102912K, 17% used [0x0000000701600000,0x00000007027c02f8,0x0000000707a80000)
 Metaspace       used 28281K, capacity 29016K, committed 29312K, reserved 1075200K
  class space    used 3217K, capacity 3339K, committed 3456K, reserved 1048576K
Event: 22.682 GC heap after
Heap after GC invocations=10 (full 1):
 PSYoungGen      total 142336K, used 13161K [0x0000000780780000, 0x000000078bd00000, 0x00000007c0000000)
  eden space 123392K, 0% used [0x0000000780780000,0x0000000780780000,0x0000000788000000)
  from space 18944K, 69% used [0x0000000788000000,0x0000000788cda7b8,0x0000000789280000)
  to   space 18944K, 0% used [0x000000078aa80000,0x000000078aa80000,0x000000078bd00000)
 ParOldGen       total 102912K, used 18184K [0x0000000701600000, 0x0000000707a80000, 0x0000000780780000)
  object space 102912K, 17% used [0x0000000701600000,0x00000007027c22f8,0x0000000707a80000)
 Metaspace       used 28281K, capacity 29016K, committed 29312K, reserved 1075200K
  class space    used 3217K, capacity 3339K, committed 3456K, reserved 1048576K
}
Event: 28.632 GC heap before
{Heap before GC invocations=11 (full 1):
 PSYoungGen      total 142336K, used 136553K [0x0000000780780000, 0x000000078bd00000, 0x00000007c0000000)
  eden space 123392K, 100% used [0x0000000780780000,0x0000000788000000,0x0000000788000000)
  from space 18944K, 69% used [0x0000000788000000,0x0000000788cda7b8,0x0000000789280000)
  to   space 18944K, 0% used [0x000000078aa80000,0x000000078aa80000,0x000000078bd00000)
 ParOldGen       total 102912K, used 18184K [0x0000000701600000, 0x0000000707a80000, 0x0000000780780000)
  object space 102912K, 17% used [0x0000000701600000,0x00000007027c22f8,0x0000000707a80000)
 Metaspace       used 29956K, capacity 30756K, committed 30976K, reserved 1077248K
  class space    used 3405K, capacity 3578K, committed 3584K, reserved 1048576K
Event: 28.675 GC heap after
Heap after GC invocations=11 (full 1):
 PSYoungGen      total 161792K, used 18942K [0x0000000780780000, 0x000000078c500000, 0x00000007c0000000)
  eden space 142848K, 0% used [0x0000000780780000,0x0000000780780000,0x0000000789300000)
  from space 18944K, 99% used [0x000000078aa80000,0x000000078bcff9a0,0x000000078bd00000)
  to   space 24064K, 0% used [0x0000000789300000,0x0000000789300000,0x000000078aa80000)
 ParOldGen       total 102912K, used 27134K [0x0000000701600000, 0x0000000707a80000, 0x0000000780780000)
  object space 102912K, 26% used [0x0000000701600000,0x000000070307fac8,0x0000000707a80000)
 Metaspace       used 29956K, capacity 30756K, committed 30976K, reserved 1077248K
  class space    used 3405K, capacity 3578K, committed 3584K, reserved 1048576K
}
Event: 33.350 GC heap before
{Heap before GC invocations=12 (full 1):
 PSYoungGen      total 161792K, used 140379K [0x0000000780780000, 0x000000078c500000, 0x00000007c0000000)
  eden space 142848K, 85% used [0x0000000780780000,0x0000000787e17518,0x0000000789300000)
  from space 18944K, 99% used [0x000000078aa80000,0x000000078bcff9a0,0x000000078bd00000)
  to   space 24064K, 0% used [0x0000000789300000,0x0000000789300000,0x000000078aa80000)
 ParOldGen       total 102912K, used 27134K [0x0000000701600000, 0x0000000707a80000, 0x0000000780780000)
  object space 102912K, 26% used [0x0000000701600000,0x000000070307fac8,0x0000000707a80000)
 Metaspace       used 34314K, capacity 35318K, committed 35416K, reserved 1081344K
  class space    used 3936K, capacity 4282K, committed 4352K, reserved 1048576K
Event: 33.432 GC heap after
Heap after GC invocations=12 (full 1):
 PSYoungGen      total 166912K, used 24036K [0x0000000780780000, 0x000000078e700000, 0x00000007c0000000)
  eden space 142848K, 0% used [0x0000000780780000,0x0000000780780000,0x0000000789300000)
  from space 24064K, 99% used [0x0000000789300000,0x000000078aa79010,0x000000078aa80000)
  to   space 28672K, 0% used [0x000000078cb00000,0x000000078cb00000,0x000000078e700000)
 ParOldGen       total 102912K, used 31557K [0x0000000701600000, 0x0000000707a80000, 0x0000000780780000)
  object space 102912K, 30% used [0x0000000701600000,0x00000007034d14d0,0x0000000707a80000)
 Metaspace       used 34314K, capacity 35318K, committed 35416K, reserved 1081344K
  class space    used 3936K, capacity 4282K, committed 4352K, reserved 1048576K
}
Event: 33.432 GC heap before
{Heap before GC invocations=13 (full 2):
 PSYoungGen      total 166912K, used 24036K [0x0000000780780000, 0x000000078e700000, 0x00000007c0000000)
  eden space 142848K, 0% used [0x0000000780780000,0x0000000780780000,0x0000000789300000)
  from space 24064K, 99% used [0x0000000789300000,0x000000078aa79010,0x000000078aa80000)
  to   space 28672K, 0% used [0x000000078cb00000,0x000000078cb00000,0x000000078e700000)
 ParOldGen       total 102912K, used 31557K [0x0000000701600000, 0x0000000707a80000, 0x0000000780780000)
  object space 102912K, 30% used [0x0000000701600000,0x00000007034d14d0,0x0000000707a80000)
 Metaspace       used 34314K, capacity 35318K, committed 35416K, reserved 1081344K
  class space    used 3936K, capacity 4282K, committed 4352K, reserved 1048576K
Event: 33.861 GC heap after
Heap after GC invocations=13 (full 2):
 PSYoungGen      total 166912K, used 0K [0x0000000780780000, 0x000000078e700000, 0x00000007c0000000)
  eden space 142848K, 0% used [0x0000000780780000,0x0000000780780000,0x0000000789300000)
  from space 24064K, 0% used [0x0000000789300000,0x0000000789300000,0x000000078aa80000)
  to   space 28672K, 0% used [0x000000078cb00000,0x000000078cb00000,0x000000078e700000)
 ParOldGen       total 102912K, used 41939K [0x0000000701600000, 0x0000000707a80000, 0x0000000780780000)
  object space 102912K, 40% used [0x0000000701600000,0x0000000703ef4f40,0x0000000707a80000)
 Metaspace       used 31105K, capacity 31960K, committed 35416K, reserved 1081344K
  class space    used 3556K, capacity 3867K, committed 4352K, reserved 1048576K
}

Deoptimization events (10 events):
Event: 34.422 Thread 0x0000000002d92800 Uncommon trap: reason=class_check action=maybe_recompile pc=0x0000000003da0444 method=java.util.zip.ZipInputStream.readLOC()Ljava/util/zip/ZipEntry; @ 133
Event: 34.422 Thread 0x0000000002d92800 Uncommon trap: reason=class_check action=maybe_recompile pc=0x0000000003d2a0f8 method=java.util.zip.ZipInputStream.closeEntry()V @ 15
Event: 34.422 Thread 0x0000000002d92800 Uncommon trap: reason=class_check action=maybe_recompile pc=0x0000000003da0444 method=java.util.zip.ZipInputStream.readLOC()Ljava/util/zip/ZipEntry; @ 133
Event: 34.422 Thread 0x0000000002d92800 Uncommon trap: reason=unstable_if action=reinterpret pc=0x0000000003d09d7c method=java.util.zip.ZipInputStream.read([BII)I @ 38
Event: 34.422 Thread 0x0000000002d92800 Uncommon trap: reason=class_check action=maybe_recompile pc=0x0000000003d2a0f8 method=java.util.zip.ZipInputStream.closeEntry()V @ 15
Event: 34.422 Thread 0x0000000002d92800 Uncommon trap: reason=class_check action=maybe_recompile pc=0x0000000003da0444 method=java.util.zip.ZipInputStream.readLOC()Ljava/util/zip/ZipEntry; @ 133
Event: 34.422 Thread 0x0000000002d92800 Uncommon trap: reason=class_check action=maybe_recompile pc=0x0000000003d2a0f8 method=java.util.zip.ZipInputStream.closeEntry()V @ 15
Event: 34.423 Thread 0x0000000002d92800 Uncommon trap: reason=class_check action=maybe_recompile pc=0x0000000003da0444 method=java.util.zip.ZipInputStream.readLOC()Ljava/util/zip/ZipEntry; @ 133
Event: 34.423 Thread 0x0000000002d92800 Uncommon trap: reason=class_check action=maybe_recompile pc=0x0000000003d2a0f8 method=java.util.zip.ZipInputStream.closeEntry()V @ 15
Event: 34.650 Thread 0x0000000002d92800 Uncommon trap: reason=unstable_if action=reinterpret pc=0x00000000040bb134 method=java.util.zip.ZipInputStream.readLOC()Ljava/util/zip/ZipEntry; @ 192

Internal exceptions (10 events):
Event: 23.333 Thread 0x0000000002d92800 Implicit null exception at 0x000000000426f556 to 0x000000000426f751
Event: 23.394 Thread 0x0000000002d92800 Exception <a 'java/io/FileNotFoundException'> (0x000000078148fe08) thrown at [C:\re\workspace\8-2-build-windows-amd64-cygwin\jdk8u144\9417\hotspot\src\share\vm\prims\jni.cpp, line 709]
Event: 23.395 Thread 0x0000000002d92800 Exception <a 'java/io/FileNotFoundException'> (0x00000007814918c0) thrown at [C:\re\workspace\8-2-build-windows-amd64-cygwin\jdk8u144\9417\hotspot\src\share\vm\prims\jni.cpp, line 709]
Event: 29.333 Thread 0x0000000002d92800 Exception <a 'java/lang/NoSuchMethodError': org.apache.maven.execution.MavenExecutionRequest.getFailureBehavior()Ljava/lang/String;> (0x0000000781b168d0) thrown at [C:\re\workspace\8-2-build-windows-amd64-cygwin\jdk8u144\9417\hotspot\src\share\vm\interpre
Event: 29.565 Thread 0x0000000002d92800 Implicit null exception at 0x00000000041e6ffe to 0x00000000041e7535
Event: 29.566 Thread 0x0000000002d92800 Implicit null exception at 0x000000000404f506 to 0x000000000404fb5e
Event: 33.199 Thread 0x0000000002d92800 Exception <a 'java/lang/NoClassDefFoundError': org/sonatype/aether/graph/Dependency> (0x000000078794d570) thrown at [C:\re\workspace\8-2-build-windows-amd64-cygwin\jdk8u144\9417\hotspot\src\share\vm\classfile\systemDictionary.cpp, line 199]
Event: 33.311 Thread 0x0000000002d92800 Exception <a 'java/lang/NoSuchFieldError': method resolution failed> (0x0000000787af6f20) thrown at [C:\re\workspace\8-2-build-windows-amd64-cygwin\jdk8u144\9417\hotspot\src\share\vm\prims\methodHandles.cpp, line 1146]
Event: 33.314 Thread 0x0000000002d92800 Exception <a 'java/lang/NoSuchFieldError': method resolution failed> (0x0000000787b05250) thrown at [C:\re\workspace\8-2-build-windows-amd64-cygwin\jdk8u144\9417\hotspot\src\share\vm\prims\methodHandles.cpp, line 1146]
Event: 34.422 Thread 0x0000000002d92800 Implicit null exception at 0x0000000003d098bc to 0x0000000003d09d6d

Events (10 events):
Event: 34.563 loading class org/springframework/boot/loader/tools/AbstractJarWriter$CrcAndSize done
Event: 34.563 loading class org/springframework/boot/loader/tools/Library
Event: 34.563 loading class org/springframework/boot/loader/tools/Library done
Event: 34.569 loading class org/springframework/boot/loader/tools/AbstractJarWriter$LibraryUnpackHandler
Event: 34.569 loading class org/springframework/boot/loader/tools/AbstractJarWriter$LibraryUnpackHandler done
Event: 34.570 loading class org/springframework/boot/loader/tools/AbstractJarWriter$LibraryUnpackHandler
Event: 34.570 loading class org/springframework/boot/loader/tools/AbstractJarWriter$LibraryUnpackHandler done
Event: 34.650 Thread 0x0000000002d92800 Uncommon trap: trap_request=0xffffff65 fr.pc=0x00000000040bb134
Event: 34.650 Thread 0x0000000002d92800 DEOPT PACKING pc=0x00000000040bb134 sp=0x0000000002a5d830
Event: 34.650 Thread 0x0000000002d92800 DEOPT UNPACKING pc=0x0000000002ed582a sp=0x0000000002a5d808 mode 2


Dynamic libraries:
0x00007ff7c4520000 - 0x00007ff7c4557000 	C:\Program Files\Java\jdk1.8.0_144\bin\java.exe
0x00007ffdbd570000 - 0x00007ffdbd767000 	C:\Windows\SYSTEM32\ntdll.dll
0x00007ffdbbb80000 - 0x00007ffdbbc3d000 	C:\Windows\System32\KERNEL32.DLL
0x00007ffdbade0000 - 0x00007ffdbb0d6000 	C:\Windows\System32\KERNELBASE.dll
0x00007ffdbd420000 - 0x00007ffdbd4ce000 	C:\Windows\System32\ADVAPI32.dll
0x00007ffdbb5d0000 - 0x00007ffdbb66e000 	C:\Windows\System32\msvcrt.dll
0x00007ffdbcb80000 - 0x00007ffdbcc1c000 	C:\Windows\System32\sechost.dll
0x00007ffdbb9e0000 - 0x00007ffdbbb06000 	C:\Windows\System32\RPCRT4.dll
0x00007ffdbc9e0000 - 0x00007ffdbcb7e000 	C:\Windows\System32\USER32.dll
0x00007ffdbb190000 - 0x00007ffdbb1b2000 	C:\Windows\System32\win32u.dll
0x00007ffdbd210000 - 0x00007ffdbd23c000 	C:\Windows\System32\GDI32.dll
0x00007ffdbb1c0000 - 0x00007ffdbb2da000 	C:\Windows\System32\gdi32full.dll
0x00007ffdbad10000 - 0x00007ffdbadad000 	C:\Windows\System32\msvcp_win.dll
0x00007ffdbb370000 - 0x00007ffdbb470000 	C:\Windows\System32\ucrtbase.dll
0x00007ffdac130000 - 0x00007ffdac3ca000 	C:\Windows\WinSxS\amd64_microsoft.windows.common-controls_6595b64144ccf1df_6.0.19041.3570_none_60bb2a3971f3e41a\COMCTL32.dll
0x00007ffdbcf90000 - 0x00007ffdbcfc0000 	C:\Windows\System32\IMM32.DLL
0x0000000050340000 - 0x0000000050412000 	C:\Program Files\Java\jdk1.8.0_144\jre\bin\msvcr100.dll
0x0000000077760000 - 0x0000000077ffd000 	C:\Program Files\Java\jdk1.8.0_144\jre\bin\server\jvm.dll
0x00007ffdbb670000 - 0x00007ffdbb678000 	C:\Windows\System32\PSAPI.DLL
0x00007ffdb63a0000 - 0x00007ffdb63a9000 	C:\Windows\SYSTEM32\WSOCK32.dll
0x00007ffdbbb10000 - 0x00007ffdbbb7b000 	C:\Windows\System32\WS2_32.dll
0x00007ffdab780000 - 0x00007ffdab7a7000 	C:\Windows\SYSTEM32\WINMM.dll
0x00007ffdb9340000 - 0x00007ffdb934a000 	C:\Windows\SYSTEM32\VERSION.dll
0x0000000050330000 - 0x000000005033f000 	C:\Program Files\Java\jdk1.8.0_144\jre\bin\verify.dll
0x0000000050300000 - 0x0000000050329000 	C:\Program Files\Java\jdk1.8.0_144\jre\bin\java.dll
0x0000000050190000 - 0x00000000501b3000 	C:\Program Files\Java\jdk1.8.0_144\jre\bin\instrument.dll
0x00000000502e0000 - 0x00000000502f6000 	C:\Program Files\Java\jdk1.8.0_144\jre\bin\zip.dll
0x00007ffdbbd70000 - 0x00007ffdbc4b4000 	C:\Windows\System32\SHELL32.dll
0x00007ffdb8af0000 - 0x00007ffdb928b000 	C:\Windows\SYSTEM32\windows.storage.dll
0x00007ffdbb680000 - 0x00007ffdbb9d4000 	C:\Windows\System32\combase.dll
0x00007ffdba4e0000 - 0x00007ffdba50d000 	C:\Windows\SYSTEM32\Wldp.dll
0x00007ffdbc930000 - 0x00007ffdbc9dd000 	C:\Windows\System32\SHCORE.dll
0x00007ffdbccb0000 - 0x00007ffdbcd05000 	C:\Windows\System32\shlwapi.dll
0x00007ffdbab80000 - 0x00007ffdbaba5000 	C:\Windows\SYSTEM32\profapi.dll
0x00007ffdb8060000 - 0x00007ffdb807a000 	C:\Program Files\JetBrains\IntelliJ IDEA 2022.2.2\bin\breakgen64.dll
0x00000000502c0000 - 0x00000000502da000 	C:\Program Files\Java\jdk1.8.0_144\jre\bin\net.dll
0x00007ffdba2c0000 - 0x00007ffdba32a000 	C:\Windows\system32\mswsock.dll
0x0000000069ac0000 - 0x0000000069ae4000 	C:\Users\work\AppData\Local\Temp\jansi-2.4.0-7149a27c5a91260d-jansi.dll
0x00000000502a0000 - 0x00000000502b1000 	C:\Program Files\Java\jdk1.8.0_144\jre\bin\nio.dll
0x0000000050180000 - 0x000000005018d000 	C:\Program Files\Java\jdk1.8.0_144\jre\bin\management.dll
0x00007ffd9d230000 - 0x00007ffd9d247000 	C:\Windows\system32\napinsp.dll
0x00007ffd9d050000 - 0x00007ffd9d06b000 	C:\Windows\system32\pnrpnsp.dll
0x00007ffd9b7c0000 - 0x00007ffd9b7d5000 	C:\Windows\system32\wshbth.dll
0x00007ffdb6200000 - 0x00007ffdb621d000 	C:\Windows\system32\NLAapi.dll
0x00007ffdb9fd0000 - 0x00007ffdba00b000 	C:\Windows\SYSTEM32\IPHLPAPI.DLL
0x00007ffdba010000 - 0x00007ffdba0da000 	C:\Windows\SYSTEM32\DNSAPI.dll
0x00007ffdbd200000 - 0x00007ffdbd208000 	C:\Windows\System32\NSI.dll
0x00007ffd9c2d0000 - 0x00007ffd9c2e2000 	C:\Windows\System32\winrnr.dll
0x00007ffdae190000 - 0x00007ffdae19a000 	C:\Windows\System32\rasadhlp.dll
0x00007ffdb0c40000 - 0x00007ffdb0cc2000 	C:\Windows\System32\fwpuclnt.dll
0x00007ffdbadb0000 - 0x00007ffdbadd7000 	C:\Windows\System32\bcrypt.dll

VM Arguments:
jvm_args: -Dmaven.multiModuleProjectDirectory=C:\Users\work\Desktop\devopsstation\sae6_g2_skistation- -Dmaven.home=C:\Users\work\.m2\wrapper\dists\apache-maven-3.8.5-bin\5i5jha092a3i37g0paqnfr15e0\apache-maven-3.8.5 -Dclassworlds.conf=C:\Users\work\.m2\wrapper\dists\apache-maven-3.8.5-bin\5i5jha092a3i37g0paqnfr15e0\apache-maven-3.8.5\bin\m2.conf -Dmaven.ext.class.path=C:\Program Files\JetBrains\IntelliJ IDEA 2022.2.2\plugins\maven\lib\maven-event-listener.jar -javaagent:C:\Program Files\JetBrains\IntelliJ IDEA 2022.2.2\lib\idea_rt.jar=64594:C:\Program Files\JetBrains\IntelliJ IDEA 2022.2.2\bin -Dfile.encoding=UTF-8 
java_command: org.codehaus.classworlds.Launcher -Didea.version=2022.2.2 install
java_class_path (initial): C:\Users\work\.m2\wrapper\dists\apache-maven-3.8.5-bin\5i5jha092a3i37g0paqnfr15e0\apache-maven-3.8.5\boot\plexus-classworlds-2.6.0.jar;C:\Users\work\.m2\wrapper\dists\apache-maven-3.8.5-bin\5i5jha092a3i37g0paqnfr15e0\apache-maven-3.8.5\boot\plexus-classworlds.license;C:\Program Files\JetBrains\IntelliJ IDEA 2022.2.2\lib\idea_rt.jar
Launcher Type: SUN_STANDARD

Environment Variables:
JAVA_HOME=C:\Program Files\Java\jdk1.8.0_144
PATH=C:\Program Files\Java\jdk1.8.0_144\bin;C:\ProgramData\Oracle\Java\javapath;C:\Windows\system32;C:\Windows;C:\Windows\System32\Wbem;C:\Windows\System32\WindowsPowerShell\v1.0\;C:\Windows\System32\OpenSSH\;C:\Program Files\Microsoft SQL Server\150\Tools\Binn\;C:\Program Files\Microsoft SQL Server\Client SDK\ODBC\170\Tools\Binn\;C:\Program Files\MongoDB\Server\6.0\bin;C:\Program Files\Git\cmd;C:\Program Files (x86)\Microsoft SQL Server\110\DTS\Binn\;C:\Program Files (x86)\Microsoft SQL Server\110\Tools\Binn\;C:\Program Files (x86)\Microsoft SQL Server\110\Tools\Binn\ManagementStudio\;C:\Program Files (x86)\Microsoft Visual Studio 10.0\Common7\IDE\PrivateAssemblies\;C:\Program Files\dotnet\;C:\Program Files\nodejs\;C:\HashiCorp\Vagrant\bin;C:\Program Files\Docker\Docker\resources\bin;C:\Users\work\AppData\Local\Microsoft\WindowsApps;C:\Users\work\AppData\Local\Programs\Microsoft VS Code\bin;C:\Program Files\MongoDB\Server\6.0\bin;C:\Program Files\MongoDB\Server\4.0\bin;C:\Users\work\.dotnet\tools;C:\Users\work\AppData\Roaming\npm
USERNAME=work
OS=Windows_NT
PROCESSOR_IDENTIFIER=Intel64 Family 6 Model 61 Stepping 4, GenuineIntel



---------------  S Y S T E M  ---------------

OS: Windows 10.0 , 64 bit Build 19041 (10.0.19041.3570)

CPU:total 4 (initial active 4) (2 cores per cpu, 2 threads per core) family 6 model 61 stepping 4, cmov, cx8, fxsr, mmx, sse, sse2, sse3, ssse3, sse4.1, sse4.2, popcnt, avx, avx2, aes, clmul, erms, 3dnowpref, lzcnt, ht, tsc, tscinvbit, bmi1, bmi2, adx

Memory: 4k page, physical 12490748k(352608k free), swap 20879356k(5352k free)

vm_info: Java HotSpot(TM) 64-Bit Server VM (25.144-b01) for windows-amd64 JRE (1.8.0_144-b01), built on Jul 21 2017 21:57:33 by "java_re" with MS VC++ 10.0 (VS2010)

time: Tue Oct 31 21:49:02 2023
elapsed time: 35 seconds (0d 0h 0m 35s)

