#
# There is insufficient memory for the Java Runtime Environment to continue.
# Native memory allocation (malloc) failed to allocate 2101776 bytes for Chunk::new
# Possible reasons:
#   The system is out of physical RAM or swap space
#   In 32 bit mode, the process size limit was hit
# Possible solutions:
#   Reduce memory load on the system
#   Increase physical memory or swap space
#   Check if swap backing store is full
#   Use 64 bit Java on a 64 bit OS
#   Decrease Java heap size (-Xmx/-Xms)
#   Decrease number of Java threads
#   Decrease Java thread stack sizes (-Xss)
#   Set larger code cache with -XX:ReservedCodeCacheSize=
# This output file may be truncated or incomplete.
#
#  Out of Memory Error (allocation.cpp:390), pid=5892, tid=0x0000000000003110
#
# JRE version: Java(TM) SE Runtime Environment (8.0_144-b01) (build 1.8.0_144-b01)
# Java VM: Java HotSpot(TM) 64-Bit Server VM (25.144-b01 mixed mode windows-amd64 compressed oops)
# Failed to write core dump. Minidumps are not enabled by default on client versions of Windows
#

---------------  T H R E A D  ---------------

Current thread (0x0000000019c0f000):  JavaThread "C2 CompilerThread0" daemon [_thread_in_native, id=12560, stack(0x000000001b770000,0x000000001b870000)]

Stack: [0x000000001b770000,0x000000001b870000]
[error occurred during error reporting (printing stack bounds), id 0xc0000005]

Native frames: (J=compiled Java code, j=interpreted, Vv=VM code, C=native code)


Current CompileTask:
C2:   9257 3431   !   4       java.net.URLClassLoader$1::run (63 bytes)


---------------  P R O C E S S  ---------------

Java Threads: ( => current thread )
  0x000000001b313800 JavaThread "Service Thread" daemon [_thread_blocked, id=5440, stack(0x000000001ba70000,0x000000001bb70000)]
  0x0000000019c14000 JavaThread "C1 CompilerThread2" daemon [_thread_blocked, id=13212, stack(0x000000001b970000,0x000000001ba70000)]
  0x0000000019c13000 JavaThread "C2 CompilerThread1" daemon [_thread_in_native, id=15280, stack(0x000000001b870000,0x000000001b970000)]
=>0x0000000019c0f000 JavaThread "C2 CompilerThread0" daemon [_thread_in_native, id=12560, stack(0x000000001b770000,0x000000001b870000)]
  0x000000001b2b3000 JavaThread "Monitor Ctrl-Break" daemon [_thread_in_native, id=10732, stack(0x000000001b670000,0x000000001b770000)]
  0x0000000019bdb000 JavaThread "Attach Listener" daemon [_thread_blocked, id=12148, stack(0x000000001b170000,0x000000001b270000)]
  0x0000000019be9800 JavaThread "Signal Dispatcher" daemon [_thread_blocked, id=13288, stack(0x000000001b070000,0x000000001b170000)]
  0x0000000002b2d000 JavaThread "Finalizer" daemon [_thread_blocked, id=2764, stack(0x000000001ae40000,0x000000001af40000)]
  0x0000000002b24000 JavaThread "Reference Handler" daemon [_thread_blocked, id=10652, stack(0x000000001ad40000,0x000000001ae40000)]
  0x0000000002a32800 JavaThread "main" [_thread_in_native, id=5996, stack(0x0000000002830000,0x0000000002930000)]

Other Threads:
  0x0000000019ba7000 VMThread [stack: 0x000000001ac40000,0x000000001ad40000] [id=12736]
  0x000000001b31a000 WatcherThread [stack: 0x000000001bb70000,0x000000001bc70000] [id=14476]

VM state:not at safepoint (normal execution)

VM Mutex/Monitor currently owned by a thread: None

Heap:
 PSYoungGen      total 57344K, used 39323K [0x0000000780780000, 0x0000000788280000, 0x00000007c0000000)
  eden space 49152K, 63% used [0x0000000780780000,0x00000007825eae40,0x0000000783780000)
  from space 8192K, 99% used [0x0000000783780000,0x0000000783f7c030,0x0000000783f80000)
  to   space 13824K, 0% used [0x0000000787500000,0x0000000787500000,0x0000000788280000)
 ParOldGen       total 131072K, used 9736K [0x0000000701600000, 0x0000000709600000, 0x0000000780780000)
  object space 131072K, 7% used [0x0000000701600000,0x0000000701f82308,0x0000000709600000)
 Metaspace       used 18836K, capacity 19334K, committed 19456K, reserved 1067008K
  class space    used 2175K, capacity 2260K, committed 2304K, reserved 1048576K

Card table byte_map: [0x0000000011ef0000,0x00000000124f0000] byte_map_base: 0x000000000e6e5000

Marking Bits: (ParMarkBitMap*) 0x0000000077f7d850
 Begin Bits: [0x0000000012cf0000, 0x0000000015c98000)
 End Bits:   [0x0000000015c98000, 0x0000000018c40000)

Polling page: 0x0000000002610000

CodeCache: size=245760Kb used=11461Kb max_used=12540Kb free=234298Kb
 bounds [0x0000000002b30000, 0x0000000003780000, 0x0000000011b30000]
 total_blobs=3578 nmethods=3223 adapters=267
 compilation: enabled

Compilation events (10 events):
Event: 9.219 Thread 0x0000000019c14000 3630       1       java.security.PermissionCollection::isReadOnly (5 bytes)
Event: 9.219 Thread 0x0000000019c14000 nmethod 3630 0x0000000003088d50 code [0x0000000003088ea0, 0x0000000003088fb0]
Event: 9.230 Thread 0x0000000019c14000 3631       3       java.util.WeakHashMap::isEmpty (13 bytes)
Event: 9.230 Thread 0x0000000019c14000 nmethod 3631 0x0000000002db14d0 code [0x0000000002db1640, 0x0000000002db1968]
Event: 9.233 Thread 0x0000000019c14000 3632       1       java.net.Parts::getPath (5 bytes)
Event: 9.233 Thread 0x0000000019c14000 nmethod 3632 0x00000000030a5490 code [0x00000000030a55e0, 0x00000000030a56f0]
Event: 9.233 Thread 0x0000000019c14000 3633       1       java.net.Parts::getQuery (5 bytes)
Event: 9.233 Thread 0x0000000019c14000 nmethod 3633 0x00000000031858d0 code [0x0000000003185a20, 0x0000000003185b30]
Event: 9.233 Thread 0x0000000019c14000 3634       1       java.net.Parts::getRef (5 bytes)
Event: 9.234 Thread 0x0000000019c14000 nmethod 3634 0x0000000002e85250 code [0x0000000002e853a0, 0x0000000002e854b0]

GC Heap History (10 events):
Event: 2.242 GC heap before
{Heap before GC invocations=1 (full 0):
 PSYoungGen      total 57344K, used 49152K [0x0000000780780000, 0x0000000784780000, 0x00000007c0000000)
  eden space 49152K, 100% used [0x0000000780780000,0x0000000783780000,0x0000000783780000)
  from space 8192K, 0% used [0x0000000783f80000,0x0000000783f80000,0x0000000784780000)
  to   space 8192K, 0% used [0x0000000783780000,0x0000000783780000,0x0000000783f80000)
 ParOldGen       total 131072K, used 0K [0x0000000701600000, 0x0000000709600000, 0x0000000780780000)
  object space 131072K, 0% used [0x0000000701600000,0x0000000701600000,0x0000000709600000)
 Metaspace       used 9352K, capacity 9550K, committed 9728K, reserved 1058816K
  class space    used 1126K, capacity 1184K, committed 1280K, reserved 1048576K
Event: 2.252 GC heap after
Heap after GC invocations=1 (full 0):
 PSYoungGen      total 57344K, used 6857K [0x0000000780780000, 0x0000000784780000, 0x00000007c0000000)
  eden space 49152K, 0% used [0x0000000780780000,0x0000000780780000,0x0000000783780000)
  from space 8192K, 83% used [0x0000000783780000,0x0000000783e32598,0x0000000783f80000)
  to   space 8192K, 0% used [0x0000000783f80000,0x0000000783f80000,0x0000000784780000)
 ParOldGen       total 131072K, used 16K [0x0000000701600000, 0x0000000709600000, 0x0000000780780000)
  object space 131072K, 0% used [0x0000000701600000,0x0000000701604000,0x0000000709600000)
 Metaspace       used 9352K, capacity 9550K, committed 9728K, reserved 1058816K
  class space    used 1126K, capacity 1184K, committed 1280K, reserved 1048576K
}
Event: 3.719 GC heap before
{Heap before GC invocations=2 (full 0):
 PSYoungGen      total 57344K, used 56009K [0x0000000780780000, 0x0000000784780000, 0x00000007c0000000)
  eden space 49152K, 100% used [0x0000000780780000,0x0000000783780000,0x0000000783780000)
  from space 8192K, 83% used [0x0000000783780000,0x0000000783e32598,0x0000000783f80000)
  to   space 8192K, 0% used [0x0000000783f80000,0x0000000783f80000,0x0000000784780000)
 ParOldGen       total 131072K, used 16K [0x0000000701600000, 0x0000000709600000, 0x0000000780780000)
  object space 131072K, 0% used [0x0000000701600000,0x0000000701604000,0x0000000709600000)
 Metaspace       used 14313K, capacity 14618K, committed 14720K, reserved 1062912K
  class space    used 1785K, capacity 1878K, committed 1920K, reserved 1048576K
Event: 3.732 GC heap after
Heap after GC invocations=2 (full 0):
 PSYoungGen      total 57344K, used 8166K [0x0000000780780000, 0x0000000784780000, 0x00000007c0000000)
  eden space 49152K, 0% used [0x0000000780780000,0x0000000780780000,0x0000000783780000)
  from space 8192K, 99% used [0x0000000783f80000,0x0000000784779ba0,0x0000000784780000)
  to   space 8192K, 0% used [0x0000000783780000,0x0000000783780000,0x0000000783f80000)
 ParOldGen       total 131072K, used 601K [0x0000000701600000, 0x0000000709600000, 0x0000000780780000)
  object space 131072K, 0% used [0x0000000701600000,0x0000000701696548,0x0000000709600000)
 Metaspace       used 14313K, capacity 14618K, committed 14720K, reserved 1062912K
  class space    used 1785K, capacity 1878K, committed 1920K, reserved 1048576K
}
Event: 5.212 GC heap before
{Heap before GC invocations=3 (full 0):
 PSYoungGen      total 57344K, used 57318K [0x0000000780780000, 0x0000000784780000, 0x00000007c0000000)
  eden space 49152K, 100% used [0x0000000780780000,0x0000000783780000,0x0000000783780000)
  from space 8192K, 99% used [0x0000000783f80000,0x0000000784779ba0,0x0000000784780000)
  to   space 8192K, 0% used [0x0000000783780000,0x0000000783780000,0x0000000783f80000)
 ParOldGen       total 131072K, used 601K [0x0000000701600000, 0x0000000709600000, 0x0000000780780000)
  object space 131072K, 0% used [0x0000000701600000,0x0000000701696548,0x0000000709600000)
 Metaspace       used 16004K, capacity 16388K, committed 16640K, reserved 1064960K
  class space    used 1909K, capacity 2013K, committed 2048K, reserved 1048576K
Event: 5.231 GC heap after
Heap after GC invocations=3 (full 0):
 PSYoungGen      total 57344K, used 8176K [0x0000000780780000, 0x0000000784780000, 0x00000007c0000000)
  eden space 49152K, 0% used [0x0000000780780000,0x0000000780780000,0x0000000783780000)
  from space 8192K, 99% used [0x0000000783780000,0x0000000783f7c030,0x0000000783f80000)
  to   space 8192K, 0% used [0x0000000783f80000,0x0000000783f80000,0x0000000784780000)
 ParOldGen       total 131072K, used 3025K [0x0000000701600000, 0x0000000709600000, 0x0000000780780000)
  object space 131072K, 2% used [0x0000000701600000,0x00000007018f4438,0x0000000709600000)
 Metaspace       used 16004K, capacity 16388K, committed 16640K, reserved 1064960K
  class space    used 1909K, capacity 2013K, committed 2048K, reserved 1048576K
}
Event: 6.493 GC heap before
{Heap before GC invocations=4 (full 0):
 PSYoungGen      total 57344K, used 57328K [0x0000000780780000, 0x0000000784780000, 0x00000007c0000000)
  eden space 49152K, 100% used [0x0000000780780000,0x0000000783780000,0x0000000783780000)
  from space 8192K, 99% used [0x0000000783780000,0x0000000783f7c030,0x0000000783f80000)
  to   space 8192K, 0% used [0x0000000783f80000,0x0000000783f80000,0x0000000784780000)
 ParOldGen       total 131072K, used 3025K [0x0000000701600000, 0x0000000709600000, 0x0000000780780000)
  object space 131072K, 2% used [0x0000000701600000,0x00000007018f4438,0x0000000709600000)
 Metaspace       used 16546K, capacity 16940K, committed 17152K, reserved 1064960K
  class space    used 1927K, capacity 2019K, committed 2048K, reserved 1048576K
Event: 6.576 GC heap after
Heap after GC invocations=4 (full 0):
 PSYoungGen      total 57344K, used 8176K [0x0000000780780000, 0x0000000787780000, 0x00000007c0000000)
  eden space 49152K, 0% used [0x0000000780780000,0x0000000780780000,0x0000000783780000)
  from space 8192K, 99% used [0x0000000783f80000,0x000000078477c050,0x0000000784780000)
  to   space 8192K, 0% used [0x0000000783780000,0x0000000783780000,0x0000000783f80000)
 ParOldGen       total 131072K, used 6852K [0x0000000701600000, 0x0000000709600000, 0x0000000780780000)
  object space 131072K, 5% used [0x0000000701600000,0x0000000701cb1250,0x0000000709600000)
 Metaspace       used 16546K, capacity 16940K, committed 17152K, reserved 1064960K
  class space    used 1927K, capacity 2019K, committed 2048K, reserved 1048576K
}
Event: 8.325 GC heap before
{Heap before GC invocations=5 (full 0):
 PSYoungGen      total 57344K, used 57328K [0x0000000780780000, 0x0000000787780000, 0x00000007c0000000)
  eden space 49152K, 100% used [0x0000000780780000,0x0000000783780000,0x0000000783780000)
  from space 8192K, 99% used [0x0000000783f80000,0x000000078477c050,0x0000000784780000)
  to   space 8192K, 0% used [0x0000000783780000,0x0000000783780000,0x0000000783f80000)
 ParOldGen       total 131072K, used 6852K [0x0000000701600000, 0x0000000709600000, 0x0000000780780000)
  object space 131072K, 5% used [0x0000000701600000,0x0000000701cb1250,0x0000000709600000)
 Metaspace       used 17949K, capacity 18378K, committed 18560K, reserved 1064960K
  class space    used 2057K, capacity 2156K, committed 2176K, reserved 1048576K
Event: 8.350 GC heap after
Heap after GC invocations=5 (full 0):
 PSYoungGen      total 57344K, used 8176K [0x0000000780780000, 0x0000000788280000, 0x00000007c0000000)
  eden space 49152K, 0% used [0x0000000780780000,0x0000000780780000,0x0000000783780000)
  from space 8192K, 99% used [0x0000000783780000,0x0000000783f7c030,0x0000000783f80000)
  to   space 13824K, 0% used [0x0000000787500000,0x0000000787500000,0x0000000788280000)
 ParOldGen       total 131072K, used 9736K [0x0000000701600000, 0x0000000709600000, 0x0000000780780000)
  object space 131072K, 7% used [0x0000000701600000,0x0000000701f82308,0x0000000709600000)
 Metaspace       used 17949K, capacity 18378K, committed 18560K, reserved 1064960K
  class space    used 2057K, capacity 2156K, committed 2176K, reserved 1048576K
}

Deoptimization events (10 events):
Event: 8.184 Thread 0x0000000002a32800 Uncommon trap: reason=class_check action=maybe_recompile pc=0x0000000003245b54 method=java.util.Hashtable.addEntry(ILjava/lang/Object;Ljava/lang/Object;I)V @ 38
Event: 8.314 Thread 0x0000000002a32800 Uncommon trap: reason=class_check action=maybe_recompile pc=0x000000000303ca0c method=com.google.inject.internal.LinkedBindingImpl.acceptTargetVisitor(Lcom/google/inject/spi/BindingTargetVisitor;)Ljava/lang/Object; @ 2
Event: 8.314 Thread 0x0000000002a32800 Uncommon trap: reason=class_check action=maybe_recompile pc=0x000000000303ca0c method=com.google.inject.internal.LinkedBindingImpl.acceptTargetVisitor(Lcom/google/inject/spi/BindingTargetVisitor;)Ljava/lang/Object; @ 2
Event: 8.360 Thread 0x0000000002a32800 Uncommon trap: reason=class_check action=maybe_recompile pc=0x0000000003245b54 method=java.util.Hashtable.addEntry(ILjava/lang/Object;Ljava/lang/Object;I)V @ 38
Event: 8.508 Thread 0x0000000002a32800 Uncommon trap: reason=class_check action=maybe_recompile pc=0x000000000303ca0c method=com.google.inject.internal.LinkedBindingImpl.acceptTargetVisitor(Lcom/google/inject/spi/BindingTargetVisitor;)Ljava/lang/Object; @ 2
Event: 8.508 Thread 0x0000000002a32800 Uncommon trap: reason=class_check action=maybe_recompile pc=0x000000000303ca0c method=com.google.inject.internal.LinkedBindingImpl.acceptTargetVisitor(Lcom/google/inject/spi/BindingTargetVisitor;)Ljava/lang/Object; @ 2
Event: 8.522 Thread 0x0000000002a32800 Uncommon trap: reason=unstable_if action=reinterpret pc=0x00000000036689f8 method=java.util.Hashtable.entrySet()Ljava/util/Set; @ 4
Event: 8.601 Thread 0x0000000002a32800 Uncommon trap: reason=class_check action=maybe_recompile pc=0x000000000358d5cc method=org.eclipse.sisu.wire.EntryListAdapter$ValueIterator.next()Ljava/lang/Object; @ 4
Event: 8.605 Thread 0x0000000002a32800 Uncommon trap: reason=class_check action=maybe_recompile pc=0x000000000358d5cc method=org.eclipse.sisu.wire.EntryListAdapter$ValueIterator.next()Ljava/lang/Object; @ 4
Event: 8.727 Thread 0x0000000002a32800 Uncommon trap: reason=unstable_if action=reinterpret pc=0x0000000003598564 method=org.codehaus.plexus.interpolation.StringSearchInterpolator.interpolate(Ljava/lang/String;Lorg/codehaus/plexus/interpolation/RecursionInterceptor;Ljava/util/Set;)Ljava/lang/S

Internal exceptions (10 events):
Event: 2.074 Thread 0x0000000002a32800 Exception <a 'java/lang/ArrayIndexOutOfBoundsException': 66> (0x0000000782facfa8) thrown at [C:\re\workspace\8-2-build-windows-amd64-cygwin\jdk8u144\9417\hotspot\src\share\vm\interpreter\interpreterRuntime.cpp, line 366]
Event: 3.330 Thread 0x0000000002a32800 Exception <a 'java/lang/NoClassDefFoundError': com/google/inject/servlet/ServletModuleTargetVisitor> (0x0000000782ea6540) thrown at [C:\re\workspace\8-2-build-windows-amd64-cygwin\jdk8u144\9417\hotspot\src\share\vm\classfile\systemDictionary.cpp, line 199
Event: 3.330 Thread 0x0000000002a32800 Exception <a 'java/lang/NoClassDefFoundError'> (0x0000000782ea6540) thrown at [C:\re\workspace\8-2-build-windows-amd64-cygwin\jdk8u144\9417\hotspot\src\share\vm\prims\jvm.cpp, line 1394]
Event: 3.763 Thread 0x0000000002a32800 Implicit null exception at 0x000000000302f459 to 0x000000000302f815
Event: 3.763 Thread 0x0000000002a32800 Implicit null exception at 0x0000000002d65cd6 to 0x0000000002d66075
Event: 4.087 Thread 0x0000000002a32800 Implicit null exception at 0x000000000313fdf1 to 0x00000000031410e5
Event: 4.565 Thread 0x0000000002a32800 Implicit null exception at 0x0000000003259583 to 0x00000000032597cd
Event: 5.792 Thread 0x0000000002a32800 Implicit null exception at 0x00000000034943e8 to 0x0000000003494989
Event: 6.356 Thread 0x0000000002a32800 Implicit null exception at 0x0000000002f1b2d5 to 0x0000000002f1b4d9
Event: 6.385 Thread 0x0000000002a32800 Implicit null exception at 0x0000000002e6f72f to 0x0000000002e6f799

Events (10 events):
Event: 9.204 loading class org/sonatype/plexus/components/sec/dispatcher/SecDispatcher
Event: 9.204 loading class org/sonatype/plexus/components/sec/dispatcher/SecDispatcher done
Event: 9.216 loading class org/sonatype/plexus/components/cipher/PlexusCipher
Event: 9.216 loading class org/sonatype/plexus/components/cipher/PlexusCipher done
Event: 9.216 loading class org/sonatype/plexus/components/cipher/PlexusCipher
Event: 9.216 loading class org/sonatype/plexus/components/cipher/PlexusCipher done
Event: 9.233 loading class org/apache/maven/shared/filtering/MavenFileFilter
Event: 9.233 loading class org/apache/maven/shared/filtering/MavenFileFilter done
Event: 9.233 loading class org/apache/maven/shared/filtering/MavenFileFilter
Event: 9.233 loading class org/apache/maven/shared/filtering/MavenFileFilter done


Dynamic libraries:
0x00007ff7c4520000 - 0x00007ff7c4557000 	C:\Program Files\Java\jdk1.8.0_144\bin\java.exe
0x00007ffdbd570000 - 0x00007ffdbd767000 	C:\Windows\SYSTEM32\ntdll.dll
0x00007ffdbbb80000 - 0x00007ffdbbc3d000 	C:\Windows\System32\KERNEL32.DLL
0x00007ffdbade0000 - 0x00007ffdbb0d6000 	C:\Windows\System32\KERNELBASE.dll
0x00007ffdbd420000 - 0x00007ffdbd4ce000 	C:\Windows\System32\ADVAPI32.dll
0x00007ffdbb5d0000 - 0x00007ffdbb66e000 	C:\Windows\System32\msvcrt.dll
0x00007ffdbcb80000 - 0x00007ffdbcc1c000 	C:\Windows\System32\sechost.dll
0x00007ffdbb9e0000 - 0x00007ffdbbb06000 	C:\Windows\System32\RPCRT4.dll
0x00007ffdbc9e0000 - 0x00007ffdbcb7e000 	C:\Windows\System32\KERNELBASE.dll
0x00007ffdbb190000 - 0x00007ffdbb1b2000 	C:\Windows\System32\win32u.dll
0x00007ffdbd210000 - 0x00007ffdbd23c000 	C:\Windows\System32\GDI32.dll
0x00007ffdbb1c0000 - 0x00007ffdbb2da000 	C:\Windows\System32\win32u.dll
0x00007ffdbad10000 - 0x00007ffdbadad000 	C:\Windows\System32\msvcp_win.dll
0x00007ffdbb370000 - 0x00007ffdbb470000 	C:\Windows\System32\msvcp_win.dll
0x00007ffdac130000 - 0x00007ffdac3ca000 	C:\Windows\WinSxS\amd64_microsoft.windows.common-controls_6595b64144ccf1df_6.0.19041.3570_none_60bb2a3971f3e41a\COMCTL32.dll
0x00007ffdbcf90000 - 0x00007ffdbcfc0000 	C:\Windows\System32\IMM32.DLL
0x0000000050340000 - 0x0000000050412000 	C:\Program Files\Java\jdk1.8.0_144\jre\bin\msvcr100.dll
0x0000000077760000 - 0x0000000077ffd000 	C:\Windows\System32\PSAPI.DLL
0x00007ffdbb670000 - 0x00007ffdbb678000 	C:\Windows\SYSTEM32\WSOCK32.dll
0x00007ffdb63a0000 - 0x00007ffdb63a9000 	C:\Windows\SYSTEM32\WSOCK32.dll
0x00007ffdab780000 - 0x00007ffdab7a7000 	C:\Windows\SYSTEM32\WINMM.dll
0x00007ffdb9340000 - 0x00007ffdb934a000 	C:\Program Files\Java\jdk1.8.0_144\jre\bin\verify.dll
0x00007ffdbbb10000 - 0x00007ffdbbb7b000 	C:\Program Files\Java\jdk1.8.0_144\jre\bin\java.dll
0x0000000050330000 - 0x000000005033f000 	C:\Program Files\Java\jdk1.8.0_144\jre\bin\instrument.dll
0x0000000050300000 - 0x0000000050329000 	C:\Program Files\Java\jdk1.8.0_144\jre\bin\java.dll
0x0000000050190000 - 0x00000000501b3000 	C:\Program Files\Java\jdk1.8.0_144\jre\bin\instrument.dll
0x00000000502e0000 - 0x00000000502f6000 	C:\Program Files\Java\jdk1.8.0_144\jre\bin\zip.dll
0x00007ffdbbd70000 - 0x00007ffdbc4b4000 	C:\Windows\System32\SHELL32.dll
0x00007ffdb8af0000 - 0x00007ffdb928b000 	C:\Windows\SYSTEM32\windows.storage.dll
0x00007ffdbb680000 - 0x00007ffdbb9d4000 	C:\Windows\System32\combase.dll
0x00007ffdba4e0000 - 0x00007ffdba50d000 	C:\Windows\SYSTEM32\Wldp.dll
0x00007ffdbc930000 - 0x00007ffdbc9dd000 	C:\Windows\System32\SHCORE.dll
0x00007ffdbccb0000 - 0x00007ffdbcd05000 	C:\Windows\System32\shlwapi.dll
0x00007ffdbab80000 - 0x00007ffdbaba5000 	C:\Windows\SYSTEM32\profapi.dll
0x00007ffdb8060000 - 0x00007ffdb807a000 	C:\Program Files\JetBrains\IntelliJ IDEA 2022.2.2\bin\breakgen64.dll
0x00000000502c0000 - 0x00000000502da000 	C:\Program Files\Java\jdk1.8.0_144\jre\bin\net.dll
0x00007ffdba2c0000 - 0x00007ffdba32a000 	C:\Windows\system32\mswsock.dll
0x0000000069ac0000 - 0x0000000069ae4000 	C:\Users\work\AppData\Local\Temp\jansi-2.4.0-54faa78ea52d546e-jansi.dll

VM Arguments:
jvm_args: -Dmaven.multiModuleProjectDirectory=C:\Users\work\Desktop\devopsstation\sae6_g2_skistation- -Dmaven.home=C:\Users\work\.m2\wrapper\dists\apache-maven-3.8.5-bin\5i5jha092a3i37g0paqnfr15e0\apache-maven-3.8.5 -Dclassworlds.conf=C:\Users\work\.m2\wrapper\dists\apache-maven-3.8.5-bin\5i5jha092a3i37g0paqnfr15e0\apache-maven-3.8.5\bin\m2.conf -Dmaven.ext.class.path=C:\Program Files\JetBrains\IntelliJ IDEA 2022.2.2\plugins\maven\lib\maven-event-listener.jar -javaagent:C:\Program Files\JetBrains\IntelliJ IDEA 2022.2.2\lib\idea_rt.jar=64645:C:\Program Files\JetBrains\IntelliJ IDEA 2022.2.2\bin -Dfile.encoding=UTF-8 
java_command: org.codehaus.classworlds.Launcher -Didea.version=2022.2.2 install
java_class_path (initial): C:\Users\work\.m2\wrapper\dists\apache-maven-3.8.5-bin\5i5jha092a3i37g0paqnfr15e0\apache-maven-3.8.5\boot\plexus-classworlds-2.6.0.jar;C:\Users\work\.m2\wrapper\dists\apache-maven-3.8.5-bin\5i5jha092a3i37g0paqnfr15e0\apache-maven-3.8.5\boot\plexus-classworlds.license;C:\Program Files\JetBrains\IntelliJ IDEA 2022.2.2\lib\idea_rt.jar
Launcher Type: SUN_STANDARD

Environment Variables:
JAVA_HOME=C:\Program Files\Java\jdk1.8.0_144
PATH=C:\Program Files\Java\jdk1.8.0_144\bin;C:\ProgramData\Oracle\Java\javapath;C:\Windows\system32;C:\Windows;C:\Windows\System32\Wbem;C:\Windows\System32\WindowsPowerShell\v1.0\;C:\Windows\System32\OpenSSH\;C:\Program Files\Microsoft SQL Server\150\Tools\Binn\;C:\Program Files\Microsoft SQL Server\Client SDK\ODBC\170\Tools\Binn\;C:\Program Files\MongoDB\Server\6.0\bin;C:\Program Files\Git\cmd;C:\Program Files (x86)\Microsoft SQL Server\110\DTS\Binn\;C:\Program Files (x86)\Microsoft SQL Server\110\Tools\Binn\;C:\Program Files (x86)\Microsoft SQL Server\110\Tools\Binn\ManagementStudio\;C:\Program Files (x86)\Microsoft Visual Studio 10.0\Common7\IDE\PrivateAssemblies\;C:\Program Files\dotnet\;C:\Program Files\nodejs\;C:\HashiCorp\Vagrant\bin;C:\Program Files\Docker\Docker\resources\bin;C:\Users\work\AppData\Local\Microsoft\WindowsApps;C:\Users\work\AppData\Local\Programs\Microsoft VS Code\bin;C:\Program Files\MongoDB\Server\6.0\bin;C:\Program Files\MongoDB\Server\4.0\bin;C:\Users\work\.dotnet\tools;C:\Users\work\AppData\Roaming\npm
USERNAME=work
OS=Windows_NT
PROCESSOR_IDENTIFIER=Intel64 Family 6 Model 61 Stepping 4, GenuineIntel



---------------  S Y S T E M  ---------------

OS: Windows 10.0 , 64 bit Build 19041 (10.0.19041.3570)

CPU:total 4 (initial active 4) (2 cores per cpu, 2 threads per core) family 6 model 61 stepping 4, cmov, cx8, fxsr, mmx, sse, sse2, sse3, ssse3, sse4.1, sse4.2, popcnt, avx, avx2, aes, clmul, erms, 3dnowpref, lzcnt, ht, tsc, tscinvbit, bmi1, bmi2, adx

Memory: 4k page, physical 12490748k(445124k free), swap 20879356k(6992k free)

vm_info: Java HotSpot(TM) 64-Bit Server VM (25.144-b01) for windows-amd64 JRE (1.8.0_144-b01), built on Jul 21 2017 21:57:33 by "java_re" with MS VC++ 10.0 (VS2010)

time: Tue Oct 31 21:54:44 2023
elapsed time: 9 seconds (0d 0h 0m 9s)

